{"E:/Projects/ToDoApp/assets/javascripts/app.js":{"path":"E:/Projects/ToDoApp/assets/javascripts/app.js","s":{"1":1,"2":1,"3":0,"4":0,"5":0,"6":1,"7":1,"8":0,"9":0,"10":0,"11":1,"12":1,"13":0,"14":0,"15":0,"16":1,"17":1,"18":0,"19":0,"20":0,"21":0,"22":0,"23":0,"24":0,"25":0,"26":0,"27":0,"28":0,"29":0,"30":0,"31":0,"32":0,"33":0,"34":0,"35":0,"36":1,"37":1,"38":0,"39":0,"40":0,"41":0,"42":0,"43":0,"44":0,"45":0,"46":0,"47":0,"48":0,"49":0,"50":0,"51":0,"52":0,"53":0,"54":0,"55":1,"56":1,"57":0,"58":0,"59":0,"60":0,"61":0,"62":0,"63":0,"64":0,"65":0,"66":0,"67":0,"68":0,"69":0,"70":0,"71":0,"72":0,"73":0,"74":0,"75":0,"76":0,"77":0,"78":0,"79":0,"80":0,"81":0,"82":0,"83":0,"84":0,"85":0,"86":0,"87":0,"88":0,"89":0,"90":0,"91":0,"92":0,"93":0,"94":0,"95":0,"96":0,"97":0,"98":0,"99":0,"100":0,"101":0,"102":1,"103":1,"104":0,"105":0,"106":0,"107":0,"108":0,"109":0,"110":0,"111":0,"112":0,"113":0,"114":0,"115":0,"116":0,"117":0,"118":0,"119":1,"120":1,"121":0,"122":0,"123":0,"124":0,"125":0,"126":0,"127":0,"128":1,"129":1,"130":0,"131":0,"132":0,"133":0,"134":0,"135":0,"136":0,"137":0,"138":0,"139":1,"140":1,"141":0,"142":0,"143":0,"144":0,"145":0,"146":0,"147":0,"148":0,"149":1,"150":1,"151":0,"152":0,"153":1,"154":0,"155":0,"156":0,"157":0,"158":0,"159":0,"160":0,"161":0,"162":0,"163":0,"164":0,"165":0,"166":0,"167":0,"168":0,"169":0,"170":1,"171":1,"172":0,"173":0,"174":0,"175":0,"176":0,"177":0,"178":0,"179":0,"180":0,"181":0,"182":1,"183":0,"184":0,"185":0,"186":0,"187":0,"188":0,"189":0,"190":0,"191":0,"192":0,"193":0,"194":1,"195":0,"196":0,"197":0,"198":1,"199":1,"200":0,"201":0,"202":0,"203":0,"204":1,"205":0,"206":0,"207":0,"208":0,"209":1,"210":1,"211":0,"212":0,"213":0,"214":0,"215":0,"216":0,"217":0,"218":0,"219":0,"220":0,"221":0,"222":0,"223":0,"224":0,"225":0,"226":0,"227":0,"228":0,"229":0,"230":0,"231":0,"232":0,"233":0,"234":0,"235":0,"236":0,"237":0,"238":0,"239":0,"240":0,"241":0,"242":0,"243":0,"244":0,"245":0,"246":0,"247":0,"248":0,"249":0,"250":0,"251":0,"252":0,"253":0,"254":0,"255":1,"256":1,"257":0,"258":0,"259":0,"260":0,"261":0,"262":0,"263":0,"264":0},"b":{"1":[0,0],"2":[0,0],"3":[0,0],"4":[0,0],"5":[0,0],"6":[0,0],"7":[0,0],"8":[0,0],"9":[0,0],"10":[0,0],"11":[0,0],"12":[0,0],"13":[0,0],"14":[0,0],"15":[0,0],"16":[0,0],"17":[0,0],"18":[0,0,0],"19":[0,0],"20":[0,0],"21":[0,0]},"f":{"1":0,"2":0,"3":0,"4":0,"5":0,"6":0,"7":0,"8":0,"9":0,"10":0,"11":0,"12":0,"13":0,"14":0,"15":0,"16":0,"17":0,"18":0,"19":0,"20":0,"21":0,"22":0,"23":0,"24":0,"25":0,"26":0,"27":0,"28":0,"29":0,"30":0,"31":0,"32":0,"33":0,"34":0,"35":0,"36":0,"37":0,"38":0,"39":0,"40":0,"41":0,"42":0,"43":0,"44":0,"45":0,"46":0,"47":0,"48":0,"49":0,"50":0,"51":0,"52":0,"53":0,"54":0,"55":0,"56":0,"57":0,"58":0,"59":0,"60":0,"61":0,"62":0,"63":0,"64":0,"65":0,"66":0,"67":0,"68":0,"69":0,"70":0,"71":0,"72":0,"73":0,"74":0,"75":0,"76":0,"77":0,"78":0,"79":0,"80":0,"81":0,"82":0,"83":0,"84":0,"85":0,"86":0,"87":0,"88":0,"89":0,"90":0,"91":0,"92":0,"93":0,"94":0,"95":0,"96":0,"97":0,"98":0,"99":0,"100":0,"101":0,"102":0,"103":0,"104":0,"105":0,"106":0,"107":0,"108":0,"109":0,"110":0},"fnMap":{"1":{"name":"(anonymous_1)","line":1,"loc":{"start":{"line":1,"column":39},"end":{"line":1,"column":56}}},"2":{"name":"todoModel","line":3,"loc":{"start":{"line":3,"column":4},"end":{"line":3,"column":30}}},"3":{"name":"(anonymous_3)","line":10,"loc":{"start":{"line":10,"column":33},"end":{"line":10,"column":50}}},"4":{"name":"todoModel","line":12,"loc":{"start":{"line":12,"column":4},"end":{"line":12,"column":30}}},"5":{"name":"(anonymous_5)","line":19,"loc":{"start":{"line":19,"column":39},"end":{"line":19,"column":56}}},"6":{"name":"WorkTodoModel","line":21,"loc":{"start":{"line":21,"column":4},"end":{"line":21,"column":34}}},"7":{"name":"(anonymous_7)","line":29,"loc":{"start":{"line":29,"column":19},"end":{"line":29,"column":31}}},"8":{"name":"InMemory","line":31,"loc":{"start":{"line":31,"column":4},"end":{"line":31,"column":24}}},"9":{"name":"Store","line":33,"loc":{"start":{"line":33,"column":25},"end":{"line":33,"column":42}}},"10":{"name":"(anonymous_10)","line":35,"loc":{"start":{"line":35,"column":23},"end":{"line":35,"column":38}}},"11":{"name":"(anonymous_11)","line":38,"loc":{"start":{"line":38,"column":24},"end":{"line":38,"column":45}}},"12":{"name":"(anonymous_12)","line":42,"loc":{"start":{"line":42,"column":23},"end":{"line":42,"column":44}}},"13":{"name":"(anonymous_13)","line":48,"loc":{"start":{"line":48,"column":19},"end":{"line":48,"column":34}}},"14":{"name":"(anonymous_14)","line":51,"loc":{"start":{"line":51,"column":20},"end":{"line":51,"column":41}}},"15":{"name":"(anonymous_15)","line":54,"loc":{"start":{"line":54,"column":19},"end":{"line":54,"column":40}}},"16":{"name":"(anonymous_16)","line":61,"loc":{"start":{"line":61,"column":26},"end":{"line":61,"column":38}}},"17":{"name":"bindingHandlers","line":62,"loc":{"start":{"line":62,"column":4},"end":{"line":62,"column":31}}},"18":{"name":"(anonymous_18)","line":68,"loc":{"start":{"line":68,"column":18},"end":{"line":68,"column":79}}},"19":{"name":"(anonymous_19)","line":72,"loc":{"start":{"line":72,"column":33},"end":{"line":72,"column":56}}},"20":{"name":"(anonymous_20)","line":79,"loc":{"start":{"line":79,"column":35},"end":{"line":79,"column":47}}},"21":{"name":"(anonymous_21)","line":92,"loc":{"start":{"line":92,"column":18},"end":{"line":92,"column":73}}},"22":{"name":"(anonymous_22)","line":94,"loc":{"start":{"line":94,"column":64},"end":{"line":94,"column":76}}},"23":{"name":"(anonymous_23)","line":98,"loc":{"start":{"line":98,"column":20},"end":{"line":98,"column":54}}},"24":{"name":"(anonymous_24)","line":101,"loc":{"start":{"line":101,"column":27},"end":{"line":101,"column":39}}},"25":{"name":"(anonymous_25)","line":110,"loc":{"start":{"line":110,"column":22},"end":{"line":110,"column":34}}},"26":{"name":"dataservice","line":111,"loc":{"start":{"line":111,"column":4},"end":{"line":111,"column":27}}},"27":{"name":"(anonymous_27)","line":114,"loc":{"start":{"line":114,"column":21},"end":{"line":114,"column":33}}},"28":{"name":"(anonymous_28)","line":122,"loc":{"start":{"line":122,"column":19},"end":{"line":122,"column":41}}},"29":{"name":"(anonymous_29)","line":125,"loc":{"start":{"line":125,"column":25},"end":{"line":125,"column":45}}},"30":{"name":"(anonymous_30)","line":128,"loc":{"start":{"line":128,"column":23},"end":{"line":128,"column":49}}},"31":{"name":"(anonymous_31)","line":135,"loc":{"start":{"line":135,"column":20},"end":{"line":135,"column":48}}},"32":{"name":"(anonymous_32)","line":138,"loc":{"start":{"line":138,"column":25},"end":{"line":138,"column":45}}},"33":{"name":"(anonymous_33)","line":141,"loc":{"start":{"line":141,"column":23},"end":{"line":141,"column":49}}},"34":{"name":"(anonymous_34)","line":148,"loc":{"start":{"line":148,"column":19},"end":{"line":148,"column":47}}},"35":{"name":"(anonymous_35)","line":151,"loc":{"start":{"line":151,"column":25},"end":{"line":151,"column":45}}},"36":{"name":"(anonymous_36)","line":154,"loc":{"start":{"line":154,"column":23},"end":{"line":154,"column":49}}},"37":{"name":"(anonymous_37)","line":161,"loc":{"start":{"line":161,"column":22},"end":{"line":161,"column":44}}},"38":{"name":"(anonymous_38)","line":164,"loc":{"start":{"line":164,"column":25},"end":{"line":164,"column":45}}},"39":{"name":"(anonymous_39)","line":167,"loc":{"start":{"line":167,"column":23},"end":{"line":167,"column":49}}},"40":{"name":"(anonymous_40)","line":175,"loc":{"start":{"line":175,"column":26},"end":{"line":175,"column":80}}},"41":{"name":"(anonymous_41)","line":190,"loc":{"start":{"line":190,"column":25},"end":{"line":190,"column":45}}},"42":{"name":"(anonymous_42)","line":197,"loc":{"start":{"line":197,"column":23},"end":{"line":197,"column":38}}},"43":{"name":"(anonymous_43)","line":217,"loc":{"start":{"line":217,"column":4},"end":{"line":217,"column":16}}},"44":{"name":"errorlog","line":218,"loc":{"start":{"line":218,"column":8},"end":{"line":218,"column":28}}},"45":{"name":"(anonymous_45)","line":219,"loc":{"start":{"line":219,"column":22},"end":{"line":219,"column":55}}},"46":{"name":"(anonymous_46)","line":226,"loc":{"start":{"line":226,"column":24},"end":{"line":226,"column":36}}},"47":{"name":"(anonymous_47)","line":230,"loc":{"start":{"line":230,"column":24},"end":{"line":230,"column":52}}},"48":{"name":"(anonymous_48)","line":234,"loc":{"start":{"line":234,"column":27},"end":{"line":234,"column":55}}},"49":{"name":"(anonymous_49)","line":238,"loc":{"start":{"line":238,"column":25},"end":{"line":238,"column":53}}},"50":{"name":"(anonymous_50)","line":242,"loc":{"start":{"line":242,"column":28},"end":{"line":242,"column":56}}},"51":{"name":"(anonymous_51)","line":249,"loc":{"start":{"line":249,"column":39},"end":{"line":249,"column":60}}},"52":{"name":"listViewModel","line":250,"loc":{"start":{"line":250,"column":4},"end":{"line":250,"column":29}}},"53":{"name":"(anonymous_53)","line":252,"loc":{"start":{"line":252,"column":34},"end":{"line":252,"column":51}}},"54":{"name":"(anonymous_54)","line":255,"loc":{"start":{"line":255,"column":21},"end":{"line":255,"column":41}}},"55":{"name":"(anonymous_55)","line":263,"loc":{"start":{"line":263,"column":23},"end":{"line":263,"column":35}}},"56":{"name":"localStorage","line":265,"loc":{"start":{"line":265,"column":4},"end":{"line":265,"column":28}}},"57":{"name":"(anonymous_57)","line":266,"loc":{"start":{"line":266,"column":19},"end":{"line":266,"column":34}}},"58":{"name":"(anonymous_58)","line":269,"loc":{"start":{"line":269,"column":20},"end":{"line":269,"column":41}}},"59":{"name":"(anonymous_59)","line":273,"loc":{"start":{"line":273,"column":19},"end":{"line":273,"column":40}}},"60":{"name":"(anonymous_60)","line":280,"loc":{"start":{"line":280,"column":35},"end":{"line":280,"column":58}}},"61":{"name":"Model","line":282,"loc":{"start":{"line":282,"column":4},"end":{"line":282,"column":26}}},"62":{"name":"get","line":287,"loc":{"start":{"line":287,"column":26},"end":{"line":287,"column":41}}},"63":{"name":"post","line":290,"loc":{"start":{"line":290,"column":27},"end":{"line":290,"column":47}}},"64":{"name":"put","line":293,"loc":{"start":{"line":293,"column":26},"end":{"line":293,"column":45}}},"65":{"name":"(anonymous_65)","line":299,"loc":{"start":{"line":299,"column":15},"end":{"line":299,"column":27}}},"66":{"name":"util","line":300,"loc":{"start":{"line":300,"column":4},"end":{"line":300,"column":20}}},"67":{"name":"(anonymous_67)","line":305,"loc":{"start":{"line":305,"column":28},"end":{"line":305,"column":41}}},"68":{"name":"F","line":306,"loc":{"start":{"line":306,"column":16},"end":{"line":306,"column":29}}},"69":{"name":"(anonymous_69)","line":314,"loc":{"start":{"line":314,"column":38},"end":{"line":314,"column":69}}},"70":{"name":"(anonymous_70)","line":330,"loc":{"start":{"line":330,"column":37},"end":{"line":330,"column":55}}},"71":{"name":"(anonymous_71)","line":344,"loc":{"start":{"line":344,"column":38},"end":{"line":344,"column":62}}},"72":{"name":"viewModel","line":345,"loc":{"start":{"line":345,"column":4},"end":{"line":345,"column":24}}},"73":{"name":"(anonymous_73)","line":351,"loc":{"start":{"line":351,"column":37},"end":{"line":351,"column":47}}},"74":{"name":"(anonymous_74)","line":356,"loc":{"start":{"line":356,"column":39},"end":{"line":356,"column":49}}},"75":{"name":"(anonymous_75)","line":358,"loc":{"start":{"line":358,"column":30},"end":{"line":358,"column":57}}},"76":{"name":"(anonymous_76)","line":363,"loc":{"start":{"line":363,"column":30},"end":{"line":363,"column":50}}},"77":{"name":"(anonymous_77)","line":370,"loc":{"start":{"line":370,"column":23},"end":{"line":370,"column":35}}},"78":{"name":"(anonymous_78)","line":371,"loc":{"start":{"line":371,"column":23},"end":{"line":371,"column":35}}},"79":{"name":"(anonymous_79)","line":373,"loc":{"start":{"line":373,"column":33},"end":{"line":373,"column":81}}},"80":{"name":"(anonymous_80)","line":393,"loc":{"start":{"line":393,"column":57},"end":{"line":393,"column":102}}},"81":{"name":"(anonymous_81)","line":404,"loc":{"start":{"line":404,"column":15},"end":{"line":404,"column":27}}},"82":{"name":"todo","line":406,"loc":{"start":{"line":406,"column":4},"end":{"line":406,"column":36}}},"83":{"name":"(anonymous_83)","line":416,"loc":{"start":{"line":416,"column":62},"end":{"line":416,"column":85}}},"84":{"name":"(anonymous_84)","line":419,"loc":{"start":{"line":419,"column":16},"end":{"line":419,"column":27}}},"85":{"name":"(anonymous_85)","line":424,"loc":{"start":{"line":424,"column":18},"end":{"line":424,"column":30}}},"86":{"name":"(anonymous_86)","line":434,"loc":{"start":{"line":434,"column":48},"end":{"line":434,"column":71}}},"87":{"name":"todoViewModel","line":436,"loc":{"start":{"line":436,"column":4},"end":{"line":436,"column":29}}},"88":{"name":"(anonymous_88)","line":444,"loc":{"start":{"line":444,"column":133},"end":{"line":444,"column":149}}},"89":{"name":"(anonymous_89)","line":448,"loc":{"start":{"line":448,"column":43},"end":{"line":448,"column":55}}},"90":{"name":"(anonymous_90)","line":453,"loc":{"start":{"line":453,"column":56},"end":{"line":453,"column":68}}},"91":{"name":"(anonymous_91)","line":456,"loc":{"start":{"line":456,"column":43},"end":{"line":456,"column":59}}},"92":{"name":"(anonymous_92)","line":460,"loc":{"start":{"line":460,"column":43},"end":{"line":460,"column":59}}},"93":{"name":"(anonymous_93)","line":469,"loc":{"start":{"line":469,"column":34},"end":{"line":469,"column":46}}},"94":{"name":"(anonymous_94)","line":479,"loc":{"start":{"line":479,"column":37},"end":{"line":479,"column":53}}},"95":{"name":"(anonymous_95)","line":484,"loc":{"start":{"line":484,"column":46},"end":{"line":484,"column":58}}},"96":{"name":"(anonymous_96)","line":485,"loc":{"start":{"line":485,"column":26},"end":{"line":485,"column":42}}},"97":{"name":"(anonymous_97)","line":491,"loc":{"start":{"line":491,"column":39},"end":{"line":491,"column":55}}},"98":{"name":"(anonymous_98)","line":496,"loc":{"start":{"line":496,"column":42},"end":{"line":496,"column":58}}},"99":{"name":"(anonymous_99)","line":505,"loc":{"start":{"line":505,"column":57},"end":{"line":505,"column":69}}},"100":{"name":"(anonymous_100)","line":506,"loc":{"start":{"line":506,"column":49},"end":{"line":506,"column":65}}},"101":{"name":"(anonymous_101)","line":512,"loc":{"start":{"line":512,"column":57},"end":{"line":512,"column":69}}},"102":{"name":"(anonymous_102)","line":519,"loc":{"start":{"line":519,"column":14},"end":{"line":519,"column":26}}},"103":{"name":"(anonymous_103)","line":523,"loc":{"start":{"line":523,"column":15},"end":{"line":523,"column":35}}},"104":{"name":"(anonymous_104)","line":524,"loc":{"start":{"line":524,"column":48},"end":{"line":524,"column":64}}},"105":{"name":"(anonymous_105)","line":532,"loc":{"start":{"line":532,"column":39},"end":{"line":532,"column":56}}},"106":{"name":"(anonymous_106)","line":537,"loc":{"start":{"line":537,"column":16},"end":{"line":537,"column":28}}},"107":{"name":"(anonymous_107)","line":551,"loc":{"start":{"line":551,"column":59},"end":{"line":551,"column":82}}},"108":{"name":"workTodoViewModel","line":553,"loc":{"start":{"line":553,"column":4},"end":{"line":553,"column":33}}},"109":{"name":"(anonymous_109)","line":557,"loc":{"start":{"line":557,"column":24},"end":{"line":557,"column":36}}},"110":{"name":"(anonymous_110)","line":561,"loc":{"start":{"line":561,"column":16},"end":{"line":561,"column":28}}}},"statementMap":{"1":{"start":{"line":1,"column":0},"end":{"line":9,"column":3}},"2":{"start":{"line":3,"column":4},"end":{"line":5,"column":5}},"3":{"start":{"line":4,"column":7},"end":{"line":4,"column":34}},"4":{"start":{"line":6,"column":4},"end":{"line":6,"column":30}},"5":{"start":{"line":8,"column":4},"end":{"line":8,"column":21}},"6":{"start":{"line":10,"column":0},"end":{"line":18,"column":3}},"7":{"start":{"line":12,"column":4},"end":{"line":14,"column":5}},"8":{"start":{"line":13,"column":7},"end":{"line":13,"column":30}},"9":{"start":{"line":15,"column":4},"end":{"line":15,"column":30}},"10":{"start":{"line":17,"column":4},"end":{"line":17,"column":21}},"11":{"start":{"line":19,"column":0},"end":{"line":27,"column":3}},"12":{"start":{"line":21,"column":4},"end":{"line":23,"column":5}},"13":{"start":{"line":22,"column":7},"end":{"line":22,"column":34}},"14":{"start":{"line":24,"column":4},"end":{"line":24,"column":34}},"15":{"start":{"line":26,"column":4},"end":{"line":26,"column":25}},"16":{"start":{"line":29,"column":0},"end":{"line":60,"column":3}},"17":{"start":{"line":31,"column":4},"end":{"line":57,"column":5}},"18":{"start":{"line":32,"column":8},"end":{"line":32,"column":24}},"19":{"start":{"line":33,"column":8},"end":{"line":46,"column":10}},"20":{"start":{"line":34,"column":12},"end":{"line":34,"column":28}},"21":{"start":{"line":35,"column":12},"end":{"line":37,"column":14}},"22":{"start":{"line":36,"column":16},"end":{"line":36,"column":33}},"23":{"start":{"line":38,"column":12},"end":{"line":41,"column":14}},"24":{"start":{"line":39,"column":16},"end":{"line":39,"column":44}},"25":{"start":{"line":40,"column":16},"end":{"line":40,"column":33}},"26":{"start":{"line":42,"column":12},"end":{"line":45,"column":14}},"27":{"start":{"line":43,"column":16},"end":{"line":43,"column":43}},"28":{"start":{"line":44,"column":16},"end":{"line":44,"column":33}},"29":{"start":{"line":48,"column":8},"end":{"line":50,"column":10}},"30":{"start":{"line":49,"column":12},"end":{"line":49,"column":59}},"31":{"start":{"line":51,"column":8},"end":{"line":53,"column":10}},"32":{"start":{"line":52,"column":12},"end":{"line":52,"column":66}},"33":{"start":{"line":54,"column":8},"end":{"line":56,"column":10}},"34":{"start":{"line":55,"column":12},"end":{"line":55,"column":66}},"35":{"start":{"line":59,"column":4},"end":{"line":59,"column":20}},"36":{"start":{"line":61,"column":0},"end":{"line":109,"column":3}},"37":{"start":{"line":62,"column":4},"end":{"line":106,"column":5}},"38":{"start":{"line":64,"column":8},"end":{"line":64,"column":27}},"39":{"start":{"line":67,"column":8},"end":{"line":88,"column":10}},"40":{"start":{"line":69,"column":16},"end":{"line":69,"column":53}},"41":{"start":{"line":72,"column":16},"end":{"line":76,"column":18}},"42":{"start":{"line":73,"column":20},"end":{"line":75,"column":21}},"43":{"start":{"line":74,"column":24},"end":{"line":74,"column":64}},"44":{"start":{"line":79,"column":16},"end":{"line":83,"column":18}},"45":{"start":{"line":80,"column":20},"end":{"line":82,"column":22}},"46":{"start":{"line":86,"column":16},"end":{"line":86,"column":100}},"47":{"start":{"line":91,"column":8},"end":{"line":105,"column":10}},"48":{"start":{"line":93,"column":16},"end":{"line":93,"column":94}},"49":{"start":{"line":94,"column":16},"end":{"line":96,"column":19}},"50":{"start":{"line":95,"column":20},"end":{"line":95,"column":36}},"51":{"start":{"line":99,"column":16},"end":{"line":99,"column":59}},"52":{"start":{"line":101,"column":16},"end":{"line":103,"column":22}},"53":{"start":{"line":102,"column":20},"end":{"line":102,"column":79}},"54":{"start":{"line":108,"column":4},"end":{"line":108,"column":27}},"55":{"start":{"line":110,"column":0},"end":{"line":215,"column":3}},"56":{"start":{"line":111,"column":4},"end":{"line":212,"column":5}},"57":{"start":{"line":112,"column":8},"end":{"line":120,"column":11}},"58":{"start":{"line":117,"column":20},"end":{"line":117,"column":46}},"59":{"start":{"line":122,"column":8},"end":{"line":133,"column":10}},"60":{"start":{"line":123,"column":12},"end":{"line":123,"column":40}},"61":{"start":{"line":124,"column":12},"end":{"line":131,"column":15}},"62":{"start":{"line":126,"column":20},"end":{"line":126,"column":47}},"63":{"start":{"line":129,"column":20},"end":{"line":129,"column":64}},"64":{"start":{"line":132,"column":12},"end":{"line":132,"column":38}},"65":{"start":{"line":135,"column":8},"end":{"line":146,"column":10}},"66":{"start":{"line":136,"column":12},"end":{"line":136,"column":40}},"67":{"start":{"line":137,"column":12},"end":{"line":144,"column":15}},"68":{"start":{"line":139,"column":20},"end":{"line":139,"column":47}},"69":{"start":{"line":142,"column":20},"end":{"line":142,"column":64}},"70":{"start":{"line":145,"column":12},"end":{"line":145,"column":38}},"71":{"start":{"line":148,"column":8},"end":{"line":159,"column":10}},"72":{"start":{"line":149,"column":12},"end":{"line":149,"column":40}},"73":{"start":{"line":150,"column":12},"end":{"line":157,"column":15}},"74":{"start":{"line":152,"column":20},"end":{"line":152,"column":47}},"75":{"start":{"line":155,"column":20},"end":{"line":155,"column":64}},"76":{"start":{"line":158,"column":12},"end":{"line":158,"column":38}},"77":{"start":{"line":161,"column":8},"end":{"line":173,"column":10}},"78":{"start":{"line":162,"column":12},"end":{"line":162,"column":40}},"79":{"start":{"line":163,"column":12},"end":{"line":171,"column":15}},"80":{"start":{"line":165,"column":20},"end":{"line":165,"column":47}},"81":{"start":{"line":168,"column":20},"end":{"line":168,"column":64}},"82":{"start":{"line":172,"column":12},"end":{"line":172,"column":38}},"83":{"start":{"line":175,"column":8},"end":{"line":211,"column":10}},"84":{"start":{"line":176,"column":12},"end":{"line":176,"column":43}},"85":{"start":{"line":177,"column":12},"end":{"line":177,"column":33}},"86":{"start":{"line":178,"column":12},"end":{"line":180,"column":13}},"87":{"start":{"line":179,"column":16},"end":{"line":179,"column":55}},"88":{"start":{"line":181,"column":12},"end":{"line":183,"column":13}},"89":{"start":{"line":182,"column":16},"end":{"line":182,"column":29}},"90":{"start":{"line":184,"column":12},"end":{"line":210,"column":15}},"91":{"start":{"line":192,"column":20},"end":{"line":194,"column":21}},"92":{"start":{"line":193,"column":24},"end":{"line":193,"column":56}},"93":{"start":{"line":195,"column":20},"end":{"line":195,"column":84}},"94":{"start":{"line":195,"column":56},"end":{"line":195,"column":84}},"95":{"start":{"line":198,"column":20},"end":{"line":200,"column":21}},"96":{"start":{"line":199,"column":24},"end":{"line":199,"column":31}},"97":{"start":{"line":201,"column":20},"end":{"line":201,"column":61}},"98":{"start":{"line":202,"column":20},"end":{"line":204,"column":21}},"99":{"start":{"line":203,"column":24},"end":{"line":203,"column":61}},"100":{"start":{"line":206,"column":20},"end":{"line":208,"column":21}},"101":{"start":{"line":214,"column":4},"end":{"line":214,"column":23}},"102":{"start":{"line":216,"column":0},"end":{"line":248,"column":7}},"103":{"start":{"line":218,"column":8},"end":{"line":245,"column":9}},"104":{"start":{"line":219,"column":12},"end":{"line":224,"column":14}},"105":{"start":{"line":220,"column":16},"end":{"line":222,"column":17}},"106":{"start":{"line":221,"column":20},"end":{"line":221,"column":32}},"107":{"start":{"line":223,"column":16},"end":{"line":223,"column":79}},"108":{"start":{"line":226,"column":12},"end":{"line":228,"column":14}},"109":{"start":{"line":227,"column":16},"end":{"line":227,"column":30}},"110":{"start":{"line":230,"column":12},"end":{"line":232,"column":14}},"111":{"start":{"line":231,"column":16},"end":{"line":231,"column":58}},"112":{"start":{"line":234,"column":12},"end":{"line":236,"column":14}},"113":{"start":{"line":235,"column":16},"end":{"line":235,"column":61}},"114":{"start":{"line":238,"column":12},"end":{"line":240,"column":14}},"115":{"start":{"line":239,"column":16},"end":{"line":239,"column":59}},"116":{"start":{"line":242,"column":12},"end":{"line":244,"column":14}},"117":{"start":{"line":243,"column":16},"end":{"line":243,"column":62}},"118":{"start":{"line":247,"column":8},"end":{"line":247,"column":24}},"119":{"start":{"line":249,"column":0},"end":{"line":262,"column":3}},"120":{"start":{"line":250,"column":4},"end":{"line":250,"column":31}},"121":{"start":{"line":252,"column":4},"end":{"line":259,"column":6}},"122":{"start":{"line":253,"column":8},"end":{"line":253,"column":42}},"123":{"start":{"line":254,"column":8},"end":{"line":254,"column":40}},"124":{"start":{"line":255,"column":8},"end":{"line":257,"column":11}},"125":{"start":{"line":256,"column":12},"end":{"line":256,"column":47}},"126":{"start":{"line":258,"column":8},"end":{"line":258,"column":20}},"127":{"start":{"line":261,"column":4},"end":{"line":261,"column":25}},"128":{"start":{"line":263,"column":0},"end":{"line":279,"column":3}},"129":{"start":{"line":265,"column":4},"end":{"line":277,"column":5}},"130":{"start":{"line":266,"column":8},"end":{"line":268,"column":10}},"131":{"start":{"line":267,"column":12},"end":{"line":267,"column":58}},"132":{"start":{"line":269,"column":8},"end":{"line":272,"column":10}},"133":{"start":{"line":270,"column":12},"end":{"line":270,"column":37}},"134":{"start":{"line":271,"column":12},"end":{"line":271,"column":58}},"135":{"start":{"line":273,"column":8},"end":{"line":276,"column":10}},"136":{"start":{"line":274,"column":12},"end":{"line":274,"column":37}},"137":{"start":{"line":275,"column":12},"end":{"line":275,"column":58}},"138":{"start":{"line":278,"column":4},"end":{"line":278,"column":24}},"139":{"start":{"line":280,"column":0},"end":{"line":298,"column":3}},"140":{"start":{"line":282,"column":4},"end":{"line":284,"column":5}},"141":{"start":{"line":285,"column":4},"end":{"line":285,"column":34}},"142":{"start":{"line":287,"column":4},"end":{"line":289,"column":10}},"143":{"start":{"line":288,"column":12},"end":{"line":288,"column":50}},"144":{"start":{"line":290,"column":4},"end":{"line":292,"column":10}},"145":{"start":{"line":291,"column":12},"end":{"line":291,"column":57}},"146":{"start":{"line":293,"column":4},"end":{"line":295,"column":10}},"147":{"start":{"line":294,"column":12},"end":{"line":294,"column":56}},"148":{"start":{"line":297,"column":4},"end":{"line":297,"column":17}},"149":{"start":{"line":299,"column":0},"end":{"line":341,"column":0}},"150":{"start":{"line":300,"column":4},"end":{"line":337,"column":5}},"151":{"start":{"line":304,"column":8},"end":{"line":312,"column":9}},"152":{"start":{"line":305,"column":12},"end":{"line":311,"column":14}},"153":{"start":{"line":306,"column":16},"end":{"line":307,"column":17}},"154":{"start":{"line":309,"column":16},"end":{"line":309,"column":32}},"155":{"start":{"line":310,"column":16},"end":{"line":310,"column":31}},"156":{"start":{"line":314,"column":8},"end":{"line":328,"column":10}},"157":{"start":{"line":315,"column":12},"end":{"line":326,"column":13}},"158":{"start":{"line":317,"column":16},"end":{"line":317,"column":59}},"159":{"start":{"line":318,"column":16},"end":{"line":318,"column":50}},"160":{"start":{"line":319,"column":16},"end":{"line":319,"column":70}},"161":{"start":{"line":323,"column":16},"end":{"line":323,"column":53}},"162":{"start":{"line":324,"column":16},"end":{"line":324,"column":50}},"163":{"start":{"line":325,"column":16},"end":{"line":325,"column":60}},"164":{"start":{"line":327,"column":12},"end":{"line":327,"column":24}},"165":{"start":{"line":330,"column":8},"end":{"line":337,"column":4}},"166":{"start":{"line":331,"column":12},"end":{"line":333,"column":13}},"167":{"start":{"line":332,"column":16},"end":{"line":332,"column":40}},"168":{"start":{"line":334,"column":12},"end":{"line":334,"column":24}},"169":{"start":{"line":339,"column":4},"end":{"line":339,"column":16}},"170":{"start":{"line":344,"column":0},"end":{"line":369,"column":3}},"171":{"start":{"line":345,"column":4},"end":{"line":349,"column":5}},"172":{"start":{"line":347,"column":8},"end":{"line":347,"column":29}},"173":{"start":{"line":348,"column":8},"end":{"line":348,"column":35}},"174":{"start":{"line":351,"column":4},"end":{"line":354,"column":6}},"175":{"start":{"line":353,"column":9},"end":{"line":353,"column":34}},"176":{"start":{"line":356,"column":4},"end":{"line":361,"column":6}},"177":{"start":{"line":358,"column":8},"end":{"line":361,"column":4}},"178":{"start":{"line":363,"column":4},"end":{"line":366,"column":6}},"179":{"start":{"line":364,"column":8},"end":{"line":364,"column":46}},"180":{"start":{"line":365,"column":8},"end":{"line":365,"column":82}},"181":{"start":{"line":368,"column":4},"end":{"line":368,"column":21}},"182":{"start":{"line":370,"column":0},"end":{"line":391,"column":3}},"183":{"start":{"line":371,"column":4},"end":{"line":371,"column":38}},"184":{"start":{"line":373,"column":4},"end":{"line":388,"column":6}},"185":{"start":{"line":374,"column":8},"end":{"line":374,"column":27}},"186":{"start":{"line":375,"column":8},"end":{"line":385,"column":9}},"187":{"start":{"line":376,"column":12},"end":{"line":384,"column":13}},"188":{"start":{"line":377,"column":16},"end":{"line":377,"column":64}},"189":{"start":{"line":378,"column":16},"end":{"line":380,"column":17}},"190":{"start":{"line":379,"column":20},"end":{"line":379,"column":119}},"191":{"start":{"line":383,"column":16},"end":{"line":383,"column":49}},"192":{"start":{"line":387,"column":8},"end":{"line":387,"column":25}},"193":{"start":{"line":390,"column":4},"end":{"line":390,"column":24}},"194":{"start":{"line":393,"column":0},"end":{"line":403,"column":3}},"195":{"start":{"line":395,"column":4},"end":{"line":401,"column":4}},"196":{"start":{"line":401,"column":4},"end":{"line":401,"column":19}},"197":{"start":{"line":402,"column":4},"end":{"line":402,"column":14}},"198":{"start":{"line":404,"column":0},"end":{"line":413,"column":3}},"199":{"start":{"line":406,"column":4},"end":{"line":410,"column":5}},"200":{"start":{"line":407,"column":8},"end":{"line":407,"column":42}},"201":{"start":{"line":408,"column":8},"end":{"line":408,"column":50}},"202":{"start":{"line":409,"column":8},"end":{"line":409,"column":44}},"203":{"start":{"line":412,"column":4},"end":{"line":412,"column":16}},"204":{"start":{"line":416,"column":0},"end":{"line":433,"column":3}},"205":{"start":{"line":417,"column":4},"end":{"line":432,"column":6}},"206":{"start":{"line":422,"column":12},"end":{"line":422,"column":61}},"207":{"start":{"line":425,"column":12},"end":{"line":428,"column":38}},"208":{"start":{"line":430,"column":12},"end":{"line":430,"column":37}},"209":{"start":{"line":434,"column":0},"end":{"line":548,"column":0}},"210":{"start":{"line":436,"column":4},"end":{"line":439,"column":5}},"211":{"start":{"line":437,"column":8},"end":{"line":437,"column":33}},"212":{"start":{"line":438,"column":8},"end":{"line":438,"column":42}},"213":{"start":{"line":441,"column":4},"end":{"line":441,"column":54}},"214":{"start":{"line":442,"column":4},"end":{"line":442,"column":60}},"215":{"start":{"line":444,"column":4},"end":{"line":446,"column":8}},"216":{"start":{"line":445,"column":8},"end":{"line":445,"column":52}},"217":{"start":{"line":448,"column":4},"end":{"line":451,"column":6}},"218":{"start":{"line":453,"column":4},"end":{"line":466,"column":7}},"219":{"start":{"line":454,"column":8},"end":{"line":465,"column":9}},"220":{"start":{"line":456,"column":16},"end":{"line":458,"column":19}},"221":{"start":{"line":457,"column":20},"end":{"line":457,"column":45}},"222":{"start":{"line":460,"column":16},"end":{"line":462,"column":19}},"223":{"start":{"line":461,"column":20},"end":{"line":461,"column":44}},"224":{"start":{"line":464,"column":16},"end":{"line":464,"column":36}},"225":{"start":{"line":469,"column":4},"end":{"line":476,"column":6}},"226":{"start":{"line":470,"column":8},"end":{"line":470,"column":44}},"227":{"start":{"line":471,"column":8},"end":{"line":475,"column":9}},"228":{"start":{"line":472,"column":12},"end":{"line":472,"column":47}},"229":{"start":{"line":473,"column":12},"end":{"line":473,"column":29}},"230":{"start":{"line":479,"column":4},"end":{"line":481,"column":6}},"231":{"start":{"line":480,"column":8},"end":{"line":480,"column":32}},"232":{"start":{"line":484,"column":4},"end":{"line":488,"column":6}},"233":{"start":{"line":485,"column":8},"end":{"line":487,"column":11}},"234":{"start":{"line":486,"column":12},"end":{"line":486,"column":36}},"235":{"start":{"line":491,"column":4},"end":{"line":493,"column":6}},"236":{"start":{"line":492,"column":8},"end":{"line":492,"column":27}},"237":{"start":{"line":496,"column":4},"end":{"line":502,"column":6}},"238":{"start":{"line":497,"column":8},"end":{"line":497,"column":28}},"239":{"start":{"line":499,"column":8},"end":{"line":501,"column":9}},"240":{"start":{"line":500,"column":12},"end":{"line":500,"column":30}},"241":{"start":{"line":505,"column":4},"end":{"line":509,"column":7}},"242":{"start":{"line":506,"column":8},"end":{"line":508,"column":18}},"243":{"start":{"line":507,"column":12},"end":{"line":507,"column":36}},"244":{"start":{"line":512,"column":4},"end":{"line":514,"column":7}},"245":{"start":{"line":513,"column":8},"end":{"line":513,"column":59}},"246":{"start":{"line":517,"column":4},"end":{"line":529,"column":7}},"247":{"start":{"line":520,"column":12},"end":{"line":520,"column":42}},"248":{"start":{"line":524,"column":12},"end":{"line":527,"column":15}},"249":{"start":{"line":526,"column":16},"end":{"line":526,"column":41}},"250":{"start":{"line":532,"column":4},"end":{"line":534,"column":6}},"251":{"start":{"line":533,"column":8},"end":{"line":533,"column":73}},"252":{"start":{"line":537,"column":4},"end":{"line":542,"column":11}},"253":{"start":{"line":539,"column":8},"end":{"line":539,"column":64}},"254":{"start":{"line":546,"column":0},"end":{"line":546,"column":21}},"255":{"start":{"line":551,"column":0},"end":{"line":568,"column":3}},"256":{"start":{"line":553,"column":4},"end":{"line":558,"column":5}},"257":{"start":{"line":555,"column":8},"end":{"line":555,"column":33}},"258":{"start":{"line":556,"column":8},"end":{"line":556,"column":41}},"259":{"start":{"line":557,"column":8},"end":{"line":557,"column":68}},"260":{"start":{"line":557,"column":37},"end":{"line":557,"column":66}},"261":{"start":{"line":559,"column":4},"end":{"line":559,"column":33}},"262":{"start":{"line":561,"column":4},"end":{"line":566,"column":11}},"263":{"start":{"line":563,"column":8},"end":{"line":563,"column":59}},"264":{"start":{"line":567,"column":0},"end":{"line":567,"column":25}}},"branchMap":{"1":{"line":73,"type":"if","locations":[{"start":{"line":73,"column":20},"end":{"line":73,"column":20}},{"start":{"line":73,"column":20},"end":{"line":73,"column":20}}]},"2":{"line":178,"type":"if","locations":[{"start":{"line":178,"column":12},"end":{"line":178,"column":12}},{"start":{"line":178,"column":12},"end":{"line":178,"column":12}}]},"3":{"line":181,"type":"if","locations":[{"start":{"line":181,"column":12},"end":{"line":181,"column":12}},{"start":{"line":181,"column":12},"end":{"line":181,"column":12}}]},"4":{"line":192,"type":"if","locations":[{"start":{"line":192,"column":20},"end":{"line":192,"column":20}},{"start":{"line":192,"column":20},"end":{"line":192,"column":20}}]},"5":{"line":192,"type":"binary-expr","locations":[{"start":{"line":192,"column":24},"end":{"line":192,"column":51}},{"start":{"line":192,"column":55},"end":{"line":192,"column":70}}]},"6":{"line":195,"type":"if","locations":[{"start":{"line":195,"column":20},"end":{"line":195,"column":20}},{"start":{"line":195,"column":20},"end":{"line":195,"column":20}}]},"7":{"line":195,"type":"binary-expr","locations":[{"start":{"line":195,"column":24},"end":{"line":195,"column":33}},{"start":{"line":195,"column":37},"end":{"line":195,"column":54}}]},"8":{"line":198,"type":"if","locations":[{"start":{"line":198,"column":20},"end":{"line":198,"column":20}},{"start":{"line":198,"column":20},"end":{"line":198,"column":20}}]},"9":{"line":202,"type":"if","locations":[{"start":{"line":202,"column":20},"end":{"line":202,"column":20}},{"start":{"line":202,"column":20},"end":{"line":202,"column":20}}]},"10":{"line":202,"type":"binary-expr","locations":[{"start":{"line":202,"column":24},"end":{"line":202,"column":33}},{"start":{"line":202,"column":37},"end":{"line":202,"column":52}}]},"11":{"line":206,"type":"if","locations":[{"start":{"line":206,"column":20},"end":{"line":206,"column":20}},{"start":{"line":206,"column":20},"end":{"line":206,"column":20}}]},"12":{"line":220,"type":"if","locations":[{"start":{"line":220,"column":16},"end":{"line":220,"column":16}},{"start":{"line":220,"column":16},"end":{"line":220,"column":16}}]},"13":{"line":304,"type":"if","locations":[{"start":{"line":304,"column":8},"end":{"line":304,"column":8}},{"start":{"line":304,"column":8},"end":{"line":304,"column":8}}]},"14":{"line":315,"type":"if","locations":[{"start":{"line":315,"column":12},"end":{"line":315,"column":12}},{"start":{"line":315,"column":12},"end":{"line":315,"column":12}}]},"15":{"line":376,"type":"if","locations":[{"start":{"line":376,"column":12},"end":{"line":376,"column":12}},{"start":{"line":376,"column":12},"end":{"line":376,"column":12}}]},"16":{"line":378,"type":"if","locations":[{"start":{"line":378,"column":16},"end":{"line":378,"column":16}},{"start":{"line":378,"column":16},"end":{"line":378,"column":16}}]},"17":{"line":444,"type":"binary-expr","locations":[{"start":{"line":444,"column":73},"end":{"line":444,"column":98}},{"start":{"line":444,"column":102},"end":{"line":444,"column":131}}]},"18":{"line":454,"type":"switch","locations":[{"start":{"line":455,"column":12},"end":{"line":458,"column":19}},{"start":{"line":459,"column":12},"end":{"line":462,"column":19}},{"start":{"line":463,"column":12},"end":{"line":464,"column":36}}]},"19":{"line":471,"type":"if","locations":[{"start":{"line":471,"column":8},"end":{"line":471,"column":8}},{"start":{"line":471,"column":8},"end":{"line":471,"column":8}}]},"20":{"line":499,"type":"if","locations":[{"start":{"line":499,"column":8},"end":{"line":499,"column":8}},{"start":{"line":499,"column":8},"end":{"line":499,"column":8}}]},"21":{"line":533,"type":"cond-expr","locations":[{"start":{"line":533,"column":56},"end":{"line":533,"column":62}},{"start":{"line":533,"column":65},"end":{"line":533,"column":72}}]}}}}