{"E:/Projects/ToDoApp/assets/javascripts/app.js":{"path":"E:/Projects/ToDoApp/assets/javascripts/app.js","s":{"1":1,"2":1,"3":1,"4":1,"5":1,"6":1,"7":1,"8":1,"9":1,"10":1,"11":0,"12":1,"13":0,"14":1,"15":1,"16":0,"17":1,"18":0,"19":0,"20":0,"21":0,"22":0,"23":0,"24":0,"25":1,"26":0,"27":0,"28":0,"29":0,"30":0,"31":1,"32":0,"33":0,"34":1,"35":0,"36":0,"37":0,"38":0,"39":0,"40":1,"41":0,"42":0,"43":0,"44":0,"45":0,"46":1,"47":0,"48":0,"49":0,"50":0,"51":0,"52":0,"53":0,"54":0,"55":0,"56":0,"57":0,"58":0,"59":0,"60":0,"61":0,"62":0,"63":0,"64":0,"65":1,"66":1,"67":1,"68":1,"69":0,"70":0,"71":0,"72":1,"73":0,"74":1,"75":0,"76":1,"77":0,"78":1,"79":0,"80":1,"81":0,"82":1,"83":1,"84":1,"85":0,"86":0,"87":0,"88":0,"89":0,"90":0,"91":0,"92":0,"93":0,"94":0,"95":1,"96":1,"97":1,"98":1,"99":1,"100":1,"101":2,"102":1,"103":1,"104":1,"105":1,"106":1,"107":1,"108":0,"109":0,"110":0,"111":0,"112":1,"113":0,"114":0,"115":0,"116":0,"117":1,"118":0,"119":0,"120":0,"121":0,"122":1,"123":0,"124":0,"125":0,"126":0,"127":1,"128":1,"129":1,"130":0,"131":0,"132":0,"133":0,"134":0,"135":0,"136":0,"137":0,"138":0,"139":1,"140":1,"141":2,"142":2,"143":1,"144":0,"145":1,"146":0,"147":1,"148":10,"149":10,"150":1,"151":1,"152":1,"153":1,"154":11,"155":11,"156":41,"157":0,"158":0,"159":0,"160":41,"161":11,"162":1,"163":1,"164":1,"165":1,"166":1,"167":1,"168":1,"169":1,"170":1,"171":1,"172":1,"173":0,"174":1,"175":0,"176":0,"177":1,"178":0,"179":0,"180":0,"181":0,"182":0,"183":0,"184":0,"185":0,"186":1,"187":1},"b":{"1":[0,0],"2":[0,0],"3":[0,0],"4":[0,0],"5":[0,0],"6":[0,0],"7":[0,0],"8":[0,0],"9":[0,0],"10":[0,0],"11":[0,0],"12":[0,0],"13":[0,0,0],"14":[0,0],"15":[0,0],"16":[0,0],"17":[0,0],"18":[0,0],"19":[0,41],"20":[0,0],"21":[0,1],"22":[0,0]},"f":{"1":1,"2":1,"3":1,"4":1,"5":0,"6":0,"7":0,"8":0,"9":0,"10":0,"11":0,"12":0,"13":0,"14":0,"15":0,"16":0,"17":0,"18":0,"19":0,"20":0,"21":0,"22":0,"23":0,"24":0,"25":0,"26":1,"27":1,"28":0,"29":0,"30":0,"31":0,"32":0,"33":0,"34":0,"35":0,"36":0,"37":0,"38":1,"39":1,"40":1,"41":2,"42":1,"43":1,"44":0,"45":0,"46":0,"47":0,"48":0,"49":0,"50":0,"51":0,"52":0,"53":0,"54":0,"55":0,"56":0,"57":0,"58":0,"59":1,"60":2,"61":0,"62":0,"63":0,"64":10,"65":1,"66":11,"67":11,"68":1,"69":1,"70":0,"71":0,"72":0},"fnMap":{"1":{"name":"(anonymous_1)","line":1,"loc":{"start":{"line":1,"column":15},"end":{"line":1,"column":27}}},"2":{"name":"auth","line":2,"loc":{"start":{"line":2,"column":4},"end":{"line":2,"column":19}}},"3":{"name":"(anonymous_3)","line":12,"loc":{"start":{"line":12,"column":22},"end":{"line":12,"column":34}}},"4":{"name":"dataservice","line":13,"loc":{"start":{"line":13,"column":8},"end":{"line":13,"column":31}}},"5":{"name":"(anonymous_5)","line":14,"loc":{"start":{"line":14,"column":28},"end":{"line":14,"column":40}}},"6":{"name":"(anonymous_6)","line":18,"loc":{"start":{"line":18,"column":36},"end":{"line":18,"column":48}}},"7":{"name":"(anonymous_7)","line":27,"loc":{"start":{"line":27,"column":25},"end":{"line":27,"column":37}}},"8":{"name":"(anonymous_8)","line":36,"loc":{"start":{"line":36,"column":23},"end":{"line":36,"column":45}}},"9":{"name":"(anonymous_9)","line":39,"loc":{"start":{"line":39,"column":29},"end":{"line":39,"column":49}}},"10":{"name":"(anonymous_10)","line":42,"loc":{"start":{"line":42,"column":27},"end":{"line":42,"column":53}}},"11":{"name":"(anonymous_11)","line":52,"loc":{"start":{"line":52,"column":24},"end":{"line":52,"column":52}}},"12":{"name":"(anonymous_12)","line":55,"loc":{"start":{"line":55,"column":29},"end":{"line":55,"column":49}}},"13":{"name":"(anonymous_13)","line":58,"loc":{"start":{"line":58,"column":27},"end":{"line":58,"column":53}}},"14":{"name":"(anonymous_14)","line":65,"loc":{"start":{"line":65,"column":28},"end":{"line":65,"column":56}}},"15":{"name":"(anonymous_15)","line":67,"loc":{"start":{"line":67,"column":29},"end":{"line":67,"column":49}}},"16":{"name":"(anonymous_16)","line":69,"loc":{"start":{"line":69,"column":27},"end":{"line":69,"column":53}}},"17":{"name":"(anonymous_17)","line":75,"loc":{"start":{"line":75,"column":23},"end":{"line":75,"column":51}}},"18":{"name":"(anonymous_18)","line":78,"loc":{"start":{"line":78,"column":29},"end":{"line":78,"column":49}}},"19":{"name":"(anonymous_19)","line":81,"loc":{"start":{"line":81,"column":27},"end":{"line":81,"column":53}}},"20":{"name":"(anonymous_20)","line":88,"loc":{"start":{"line":88,"column":26},"end":{"line":88,"column":48}}},"21":{"name":"(anonymous_21)","line":91,"loc":{"start":{"line":91,"column":29},"end":{"line":91,"column":49}}},"22":{"name":"(anonymous_22)","line":94,"loc":{"start":{"line":94,"column":27},"end":{"line":94,"column":53}}},"23":{"name":"(anonymous_23)","line":102,"loc":{"start":{"line":102,"column":30},"end":{"line":102,"column":84}}},"24":{"name":"(anonymous_24)","line":117,"loc":{"start":{"line":117,"column":29},"end":{"line":117,"column":49}}},"25":{"name":"(anonymous_25)","line":124,"loc":{"start":{"line":124,"column":27},"end":{"line":124,"column":42}}},"26":{"name":"(anonymous_26)","line":147,"loc":{"start":{"line":147,"column":4},"end":{"line":147,"column":16}}},"27":{"name":"errorlog","line":148,"loc":{"start":{"line":148,"column":8},"end":{"line":148,"column":28}}},"28":{"name":"(anonymous_28)","line":149,"loc":{"start":{"line":149,"column":22},"end":{"line":149,"column":55}}},"29":{"name":"(anonymous_29)","line":156,"loc":{"start":{"line":156,"column":24},"end":{"line":156,"column":36}}},"30":{"name":"(anonymous_30)","line":160,"loc":{"start":{"line":160,"column":24},"end":{"line":160,"column":52}}},"31":{"name":"(anonymous_31)","line":164,"loc":{"start":{"line":164,"column":27},"end":{"line":164,"column":55}}},"32":{"name":"(anonymous_32)","line":168,"loc":{"start":{"line":168,"column":25},"end":{"line":168,"column":53}}},"33":{"name":"(anonymous_33)","line":172,"loc":{"start":{"line":172,"column":28},"end":{"line":172,"column":56}}},"34":{"name":"(anonymous_34)","line":179,"loc":{"start":{"line":179,"column":29},"end":{"line":179,"column":45}}},"35":{"name":"listView","line":180,"loc":{"start":{"line":180,"column":4},"end":{"line":180,"column":24}}},"36":{"name":"(anonymous_36)","line":187,"loc":{"start":{"line":187,"column":30},"end":{"line":187,"column":49}}},"37":{"name":"(anonymous_37)","line":205,"loc":{"start":{"line":205,"column":43},"end":{"line":205,"column":55}}},"38":{"name":"(anonymous_38)","line":213,"loc":{"start":{"line":213,"column":39},"end":{"line":213,"column":60}}},"39":{"name":"listViewModel","line":214,"loc":{"start":{"line":214,"column":4},"end":{"line":214,"column":29}}},"40":{"name":"(anonymous_40)","line":216,"loc":{"start":{"line":216,"column":34},"end":{"line":216,"column":51}}},"41":{"name":"(anonymous_41)","line":219,"loc":{"start":{"line":219,"column":21},"end":{"line":219,"column":41}}},"42":{"name":"(anonymous_42)","line":227,"loc":{"start":{"line":227,"column":16},"end":{"line":227,"column":28}}},"43":{"name":"model","line":229,"loc":{"start":{"line":229,"column":4},"end":{"line":229,"column":28}}},"44":{"name":"(anonymous_44)","line":233,"loc":{"start":{"line":233,"column":22},"end":{"line":233,"column":78}}},"45":{"name":"(anonymous_45)","line":235,"loc":{"start":{"line":235,"column":22},"end":{"line":235,"column":38}}},"46":{"name":"(anonymous_46)","line":237,"loc":{"start":{"line":237,"column":19},"end":{"line":237,"column":36}}},"47":{"name":"(anonymous_47)","line":242,"loc":{"start":{"line":242,"column":20},"end":{"line":242,"column":65}}},"48":{"name":"(anonymous_48)","line":244,"loc":{"start":{"line":244,"column":22},"end":{"line":244,"column":38}}},"49":{"name":"(anonymous_49)","line":246,"loc":{"start":{"line":246,"column":19},"end":{"line":246,"column":36}}},"50":{"name":"(anonymous_50)","line":251,"loc":{"start":{"line":251,"column":22},"end":{"line":251,"column":81}}},"51":{"name":"(anonymous_51)","line":253,"loc":{"start":{"line":253,"column":22},"end":{"line":253,"column":38}}},"52":{"name":"(anonymous_52)","line":255,"loc":{"start":{"line":255,"column":19},"end":{"line":255,"column":36}}},"53":{"name":"(anonymous_53)","line":260,"loc":{"start":{"line":260,"column":22},"end":{"line":260,"column":81}}},"54":{"name":"(anonymous_54)","line":262,"loc":{"start":{"line":262,"column":22},"end":{"line":262,"column":38}}},"55":{"name":"(anonymous_55)","line":264,"loc":{"start":{"line":264,"column":19},"end":{"line":264,"column":36}}},"56":{"name":"(anonymous_56)","line":273,"loc":{"start":{"line":273,"column":22},"end":{"line":273,"column":34}}},"57":{"name":"persistence","line":274,"loc":{"start":{"line":274,"column":4},"end":{"line":274,"column":26}}},"58":{"name":"(anonymous_58)","line":280,"loc":{"start":{"line":280,"column":25},"end":{"line":280,"column":39}}},"59":{"name":"(anonymous_59)","line":294,"loc":{"start":{"line":294,"column":38},"end":{"line":294,"column":62}}},"60":{"name":"viewModel","line":295,"loc":{"start":{"line":295,"column":4},"end":{"line":295,"column":24}}},"61":{"name":"(anonymous_61)","line":301,"loc":{"start":{"line":301,"column":37},"end":{"line":301,"column":47}}},"62":{"name":"(anonymous_62)","line":306,"loc":{"start":{"line":306,"column":39},"end":{"line":306,"column":49}}},"63":{"name":"(anonymous_63)","line":308,"loc":{"start":{"line":308,"column":30},"end":{"line":308,"column":57}}},"64":{"name":"(anonymous_64)","line":313,"loc":{"start":{"line":313,"column":30},"end":{"line":313,"column":50}}},"65":{"name":"(anonymous_65)","line":320,"loc":{"start":{"line":320,"column":23},"end":{"line":320,"column":35}}},"66":{"name":"(anonymous_66)","line":321,"loc":{"start":{"line":321,"column":23},"end":{"line":321,"column":35}}},"67":{"name":"(anonymous_67)","line":323,"loc":{"start":{"line":323,"column":33},"end":{"line":323,"column":81}}},"68":{"name":"(anonymous_68)","line":343,"loc":{"start":{"line":343,"column":89},"end":{"line":343,"column":161}}},"69":{"name":"ot","line":345,"loc":{"start":{"line":345,"column":4},"end":{"line":345,"column":18}}},"70":{"name":"(anonymous_70)","line":357,"loc":{"start":{"line":357,"column":24},"end":{"line":357,"column":37}}},"71":{"name":"F","line":358,"loc":{"start":{"line":358,"column":12},"end":{"line":358,"column":25}}},"72":{"name":"(anonymous_72)","line":366,"loc":{"start":{"line":366,"column":38},"end":{"line":366,"column":69}}}},"statementMap":{"1":{"start":{"line":1,"column":0},"end":{"line":10,"column":3}},"2":{"start":{"line":2,"column":4},"end":{"line":7,"column":5}},"3":{"start":{"line":3,"column":8},"end":{"line":3,"column":42}},"4":{"start":{"line":4,"column":8},"end":{"line":4,"column":42}},"5":{"start":{"line":5,"column":8},"end":{"line":5,"column":43}},"6":{"start":{"line":6,"column":8},"end":{"line":6,"column":55}},"7":{"start":{"line":9,"column":4},"end":{"line":9,"column":16}},"8":{"start":{"line":12,"column":0},"end":{"line":145,"column":7}},"9":{"start":{"line":13,"column":8},"end":{"line":142,"column":9}},"10":{"start":{"line":14,"column":12},"end":{"line":16,"column":14}},"11":{"start":{"line":15,"column":16},"end":{"line":15,"column":40}},"12":{"start":{"line":18,"column":12},"end":{"line":20,"column":14}},"13":{"start":{"line":19,"column":16},"end":{"line":19,"column":39}},"14":{"start":{"line":22,"column":12},"end":{"line":22,"column":28}},"15":{"start":{"line":25,"column":12},"end":{"line":33,"column":15}},"16":{"start":{"line":30,"column":24},"end":{"line":30,"column":50}},"17":{"start":{"line":36,"column":12},"end":{"line":49,"column":14}},"18":{"start":{"line":37,"column":16},"end":{"line":37,"column":44}},"19":{"start":{"line":38,"column":16},"end":{"line":47,"column":19}},"20":{"start":{"line":40,"column":24},"end":{"line":40,"column":51}},"21":{"start":{"line":43,"column":24},"end":{"line":43,"column":41}},"22":{"start":{"line":44,"column":24},"end":{"line":44,"column":47}},"23":{"start":{"line":45,"column":24},"end":{"line":45,"column":68}},"24":{"start":{"line":48,"column":16},"end":{"line":48,"column":42}},"25":{"start":{"line":52,"column":12},"end":{"line":63,"column":14}},"26":{"start":{"line":53,"column":16},"end":{"line":53,"column":44}},"27":{"start":{"line":54,"column":16},"end":{"line":61,"column":19}},"28":{"start":{"line":56,"column":24},"end":{"line":56,"column":51}},"29":{"start":{"line":59,"column":24},"end":{"line":59,"column":68}},"30":{"start":{"line":62,"column":16},"end":{"line":62,"column":42}},"31":{"start":{"line":65,"column":12},"end":{"line":73,"column":14}},"32":{"start":{"line":66,"column":16},"end":{"line":72,"column":26}},"33":{"start":{"line":70,"column":24},"end":{"line":70,"column":54}},"34":{"start":{"line":75,"column":12},"end":{"line":86,"column":14}},"35":{"start":{"line":76,"column":16},"end":{"line":76,"column":44}},"36":{"start":{"line":77,"column":16},"end":{"line":84,"column":19}},"37":{"start":{"line":79,"column":24},"end":{"line":79,"column":51}},"38":{"start":{"line":82,"column":24},"end":{"line":82,"column":68}},"39":{"start":{"line":85,"column":16},"end":{"line":85,"column":42}},"40":{"start":{"line":88,"column":12},"end":{"line":100,"column":14}},"41":{"start":{"line":89,"column":16},"end":{"line":89,"column":44}},"42":{"start":{"line":90,"column":16},"end":{"line":98,"column":19}},"43":{"start":{"line":92,"column":24},"end":{"line":92,"column":51}},"44":{"start":{"line":95,"column":24},"end":{"line":95,"column":68}},"45":{"start":{"line":99,"column":16},"end":{"line":99,"column":42}},"46":{"start":{"line":102,"column":12},"end":{"line":141,"column":14}},"47":{"start":{"line":103,"column":16},"end":{"line":103,"column":47}},"48":{"start":{"line":104,"column":16},"end":{"line":104,"column":37}},"49":{"start":{"line":105,"column":16},"end":{"line":107,"column":17}},"50":{"start":{"line":106,"column":20},"end":{"line":106,"column":59}},"51":{"start":{"line":108,"column":16},"end":{"line":110,"column":17}},"52":{"start":{"line":109,"column":20},"end":{"line":109,"column":33}},"53":{"start":{"line":111,"column":16},"end":{"line":140,"column":19}},"54":{"start":{"line":119,"column":24},"end":{"line":121,"column":25}},"55":{"start":{"line":120,"column":28},"end":{"line":120,"column":60}},"56":{"start":{"line":122,"column":24},"end":{"line":122,"column":88}},"57":{"start":{"line":122,"column":60},"end":{"line":122,"column":88}},"58":{"start":{"line":125,"column":24},"end":{"line":127,"column":25}},"59":{"start":{"line":126,"column":28},"end":{"line":126,"column":35}},"60":{"start":{"line":128,"column":24},"end":{"line":128,"column":65}},"61":{"start":{"line":129,"column":24},"end":{"line":131,"column":25}},"62":{"start":{"line":130,"column":28},"end":{"line":130,"column":65}},"63":{"start":{"line":133,"column":24},"end":{"line":135,"column":25}},"64":{"start":{"line":136,"column":24},"end":{"line":138,"column":25}},"65":{"start":{"line":144,"column":8},"end":{"line":144,"column":27}},"66":{"start":{"line":146,"column":0},"end":{"line":178,"column":7}},"67":{"start":{"line":148,"column":8},"end":{"line":175,"column":9}},"68":{"start":{"line":149,"column":12},"end":{"line":154,"column":14}},"69":{"start":{"line":150,"column":16},"end":{"line":152,"column":17}},"70":{"start":{"line":151,"column":20},"end":{"line":151,"column":32}},"71":{"start":{"line":153,"column":16},"end":{"line":153,"column":79}},"72":{"start":{"line":156,"column":12},"end":{"line":158,"column":14}},"73":{"start":{"line":157,"column":16},"end":{"line":157,"column":30}},"74":{"start":{"line":160,"column":12},"end":{"line":162,"column":14}},"75":{"start":{"line":161,"column":16},"end":{"line":161,"column":58}},"76":{"start":{"line":164,"column":12},"end":{"line":166,"column":14}},"77":{"start":{"line":165,"column":16},"end":{"line":165,"column":61}},"78":{"start":{"line":168,"column":12},"end":{"line":170,"column":14}},"79":{"start":{"line":169,"column":16},"end":{"line":169,"column":59}},"80":{"start":{"line":172,"column":12},"end":{"line":174,"column":14}},"81":{"start":{"line":173,"column":16},"end":{"line":173,"column":62}},"82":{"start":{"line":177,"column":8},"end":{"line":177,"column":24}},"83":{"start":{"line":179,"column":0},"end":{"line":211,"column":3}},"84":{"start":{"line":180,"column":4},"end":{"line":182,"column":5}},"85":{"start":{"line":181,"column":8},"end":{"line":181,"column":31}},"86":{"start":{"line":183,"column":4},"end":{"line":183,"column":32}},"87":{"start":{"line":185,"column":4},"end":{"line":185,"column":53}},"88":{"start":{"line":187,"column":4},"end":{"line":208,"column":6}},"89":{"start":{"line":189,"column":8},"end":{"line":189,"column":37}},"90":{"start":{"line":190,"column":8},"end":{"line":202,"column":11}},"91":{"start":{"line":204,"column":8},"end":{"line":204,"column":52}},"92":{"start":{"line":205,"column":8},"end":{"line":207,"column":11}},"93":{"start":{"line":206,"column":12},"end":{"line":206,"column":65}},"94":{"start":{"line":210,"column":4},"end":{"line":210,"column":20}},"95":{"start":{"line":213,"column":0},"end":{"line":226,"column":3}},"96":{"start":{"line":214,"column":4},"end":{"line":214,"column":31}},"97":{"start":{"line":216,"column":4},"end":{"line":223,"column":6}},"98":{"start":{"line":217,"column":8},"end":{"line":217,"column":42}},"99":{"start":{"line":218,"column":8},"end":{"line":218,"column":40}},"100":{"start":{"line":219,"column":8},"end":{"line":221,"column":11}},"101":{"start":{"line":220,"column":12},"end":{"line":220,"column":47}},"102":{"start":{"line":222,"column":8},"end":{"line":222,"column":20}},"103":{"start":{"line":225,"column":4},"end":{"line":225,"column":25}},"104":{"start":{"line":227,"column":0},"end":{"line":272,"column":3}},"105":{"start":{"line":229,"column":4},"end":{"line":269,"column":5}},"106":{"start":{"line":231,"column":8},"end":{"line":231,"column":31}},"107":{"start":{"line":233,"column":8},"end":{"line":241,"column":10}},"108":{"start":{"line":234,"column":12},"end":{"line":240,"column":19}},"109":{"start":{"line":236,"column":20},"end":{"line":236,"column":42}},"110":{"start":{"line":238,"column":20},"end":{"line":239,"column":39}},"111":{"start":{"line":239,"column":24},"end":{"line":239,"column":39}},"112":{"start":{"line":242,"column":8},"end":{"line":250,"column":10}},"113":{"start":{"line":243,"column":12},"end":{"line":249,"column":19}},"114":{"start":{"line":245,"column":20},"end":{"line":245,"column":42}},"115":{"start":{"line":247,"column":20},"end":{"line":248,"column":39}},"116":{"start":{"line":248,"column":24},"end":{"line":248,"column":39}},"117":{"start":{"line":251,"column":8},"end":{"line":259,"column":10}},"118":{"start":{"line":252,"column":12},"end":{"line":258,"column":19}},"119":{"start":{"line":254,"column":20},"end":{"line":254,"column":42}},"120":{"start":{"line":256,"column":20},"end":{"line":257,"column":39}},"121":{"start":{"line":257,"column":24},"end":{"line":257,"column":39}},"122":{"start":{"line":260,"column":8},"end":{"line":268,"column":10}},"123":{"start":{"line":261,"column":12},"end":{"line":267,"column":19}},"124":{"start":{"line":263,"column":20},"end":{"line":263,"column":42}},"125":{"start":{"line":265,"column":20},"end":{"line":266,"column":39}},"126":{"start":{"line":266,"column":24},"end":{"line":266,"column":39}},"127":{"start":{"line":271,"column":4},"end":{"line":271,"column":17}},"128":{"start":{"line":273,"column":0},"end":{"line":291,"column":3}},"129":{"start":{"line":274,"column":4},"end":{"line":288,"column":5}},"130":{"start":{"line":275,"column":8},"end":{"line":275,"column":43}},"131":{"start":{"line":276,"column":8},"end":{"line":276,"column":35}},"132":{"start":{"line":277,"column":8},"end":{"line":277,"column":34}},"133":{"start":{"line":278,"column":8},"end":{"line":278,"column":39}},"134":{"start":{"line":280,"column":8},"end":{"line":288,"column":4}},"135":{"start":{"line":283,"column":12},"end":{"line":285,"column":13}},"136":{"start":{"line":284,"column":16},"end":{"line":284,"column":38}},"137":{"start":{"line":286,"column":12},"end":{"line":286,"column":34}},"138":{"start":{"line":290,"column":4},"end":{"line":290,"column":23}},"139":{"start":{"line":294,"column":0},"end":{"line":319,"column":3}},"140":{"start":{"line":295,"column":4},"end":{"line":299,"column":5}},"141":{"start":{"line":297,"column":8},"end":{"line":297,"column":29}},"142":{"start":{"line":298,"column":8},"end":{"line":298,"column":35}},"143":{"start":{"line":301,"column":4},"end":{"line":304,"column":6}},"144":{"start":{"line":303,"column":9},"end":{"line":303,"column":34}},"145":{"start":{"line":306,"column":4},"end":{"line":311,"column":6}},"146":{"start":{"line":308,"column":8},"end":{"line":311,"column":4}},"147":{"start":{"line":313,"column":4},"end":{"line":316,"column":6}},"148":{"start":{"line":314,"column":8},"end":{"line":314,"column":46}},"149":{"start":{"line":315,"column":8},"end":{"line":315,"column":82}},"150":{"start":{"line":318,"column":4},"end":{"line":318,"column":21}},"151":{"start":{"line":320,"column":0},"end":{"line":341,"column":3}},"152":{"start":{"line":321,"column":4},"end":{"line":321,"column":38}},"153":{"start":{"line":323,"column":4},"end":{"line":338,"column":6}},"154":{"start":{"line":324,"column":8},"end":{"line":324,"column":27}},"155":{"start":{"line":325,"column":8},"end":{"line":335,"column":9}},"156":{"start":{"line":326,"column":12},"end":{"line":334,"column":13}},"157":{"start":{"line":327,"column":16},"end":{"line":327,"column":64}},"158":{"start":{"line":328,"column":16},"end":{"line":330,"column":17}},"159":{"start":{"line":329,"column":20},"end":{"line":329,"column":119}},"160":{"start":{"line":333,"column":16},"end":{"line":333,"column":49}},"161":{"start":{"line":337,"column":8},"end":{"line":337,"column":25}},"162":{"start":{"line":340,"column":4},"end":{"line":340,"column":24}},"163":{"start":{"line":343,"column":0},"end":{"line":383,"column":3}},"164":{"start":{"line":345,"column":4},"end":{"line":346,"column":5}},"165":{"start":{"line":348,"column":4},"end":{"line":348,"column":35}},"166":{"start":{"line":349,"column":4},"end":{"line":349,"column":31}},"167":{"start":{"line":350,"column":4},"end":{"line":350,"column":39}},"168":{"start":{"line":351,"column":4},"end":{"line":351,"column":47}},"169":{"start":{"line":352,"column":4},"end":{"line":352,"column":49}},"170":{"start":{"line":353,"column":4},"end":{"line":353,"column":38}},"171":{"start":{"line":354,"column":4},"end":{"line":354,"column":33}},"172":{"start":{"line":356,"column":4},"end":{"line":364,"column":5}},"173":{"start":{"line":357,"column":8},"end":{"line":363,"column":10}},"174":{"start":{"line":358,"column":12},"end":{"line":359,"column":13}},"175":{"start":{"line":361,"column":12},"end":{"line":361,"column":28}},"176":{"start":{"line":362,"column":12},"end":{"line":362,"column":27}},"177":{"start":{"line":366,"column":4},"end":{"line":380,"column":6}},"178":{"start":{"line":367,"column":8},"end":{"line":378,"column":9}},"179":{"start":{"line":369,"column":12},"end":{"line":369,"column":55}},"180":{"start":{"line":370,"column":12},"end":{"line":370,"column":46}},"181":{"start":{"line":371,"column":12},"end":{"line":371,"column":66}},"182":{"start":{"line":375,"column":12},"end":{"line":375,"column":49}},"183":{"start":{"line":376,"column":12},"end":{"line":376,"column":46}},"184":{"start":{"line":377,"column":12},"end":{"line":377,"column":56}},"185":{"start":{"line":379,"column":8},"end":{"line":379,"column":20}},"186":{"start":{"line":381,"column":4},"end":{"line":381,"column":25}},"187":{"start":{"line":382,"column":4},"end":{"line":382,"column":14}}},"branchMap":{"1":{"line":105,"type":"if","locations":[{"start":{"line":105,"column":16},"end":{"line":105,"column":16}},{"start":{"line":105,"column":16},"end":{"line":105,"column":16}}]},"2":{"line":108,"type":"if","locations":[{"start":{"line":108,"column":16},"end":{"line":108,"column":16}},{"start":{"line":108,"column":16},"end":{"line":108,"column":16}}]},"3":{"line":119,"type":"if","locations":[{"start":{"line":119,"column":24},"end":{"line":119,"column":24}},{"start":{"line":119,"column":24},"end":{"line":119,"column":24}}]},"4":{"line":119,"type":"binary-expr","locations":[{"start":{"line":119,"column":28},"end":{"line":119,"column":55}},{"start":{"line":119,"column":59},"end":{"line":119,"column":74}}]},"5":{"line":122,"type":"if","locations":[{"start":{"line":122,"column":24},"end":{"line":122,"column":24}},{"start":{"line":122,"column":24},"end":{"line":122,"column":24}}]},"6":{"line":122,"type":"binary-expr","locations":[{"start":{"line":122,"column":28},"end":{"line":122,"column":37}},{"start":{"line":122,"column":41},"end":{"line":122,"column":58}}]},"7":{"line":125,"type":"if","locations":[{"start":{"line":125,"column":24},"end":{"line":125,"column":24}},{"start":{"line":125,"column":24},"end":{"line":125,"column":24}}]},"8":{"line":129,"type":"if","locations":[{"start":{"line":129,"column":24},"end":{"line":129,"column":24}},{"start":{"line":129,"column":24},"end":{"line":129,"column":24}}]},"9":{"line":129,"type":"binary-expr","locations":[{"start":{"line":129,"column":28},"end":{"line":129,"column":37}},{"start":{"line":129,"column":41},"end":{"line":129,"column":56}}]},"10":{"line":133,"type":"if","locations":[{"start":{"line":133,"column":24},"end":{"line":133,"column":24}},{"start":{"line":133,"column":24},"end":{"line":133,"column":24}}]},"11":{"line":136,"type":"if","locations":[{"start":{"line":136,"column":24},"end":{"line":136,"column":24}},{"start":{"line":136,"column":24},"end":{"line":136,"column":24}}]},"12":{"line":150,"type":"if","locations":[{"start":{"line":150,"column":16},"end":{"line":150,"column":16}},{"start":{"line":150,"column":16},"end":{"line":150,"column":16}}]},"13":{"line":201,"type":"binary-expr","locations":[{"start":{"line":201,"column":25},"end":{"line":201,"column":43}},{"start":{"line":201,"column":47},"end":{"line":201,"column":84}},{"start":{"line":201,"column":88},"end":{"line":201,"column":114}}]},"14":{"line":238,"type":"if","locations":[{"start":{"line":238,"column":20},"end":{"line":238,"column":20}},{"start":{"line":238,"column":20},"end":{"line":238,"column":20}}]},"15":{"line":247,"type":"if","locations":[{"start":{"line":247,"column":20},"end":{"line":247,"column":20}},{"start":{"line":247,"column":20},"end":{"line":247,"column":20}}]},"16":{"line":256,"type":"if","locations":[{"start":{"line":256,"column":20},"end":{"line":256,"column":20}},{"start":{"line":256,"column":20},"end":{"line":256,"column":20}}]},"17":{"line":265,"type":"if","locations":[{"start":{"line":265,"column":20},"end":{"line":265,"column":20}},{"start":{"line":265,"column":20},"end":{"line":265,"column":20}}]},"18":{"line":283,"type":"if","locations":[{"start":{"line":283,"column":12},"end":{"line":283,"column":12}},{"start":{"line":283,"column":12},"end":{"line":283,"column":12}}]},"19":{"line":326,"type":"if","locations":[{"start":{"line":326,"column":12},"end":{"line":326,"column":12}},{"start":{"line":326,"column":12},"end":{"line":326,"column":12}}]},"20":{"line":328,"type":"if","locations":[{"start":{"line":328,"column":16},"end":{"line":328,"column":16}},{"start":{"line":328,"column":16},"end":{"line":328,"column":16}}]},"21":{"line":356,"type":"if","locations":[{"start":{"line":356,"column":4},"end":{"line":356,"column":4}},{"start":{"line":356,"column":4},"end":{"line":356,"column":4}}]},"22":{"line":367,"type":"if","locations":[{"start":{"line":367,"column":8},"end":{"line":367,"column":8}},{"start":{"line":367,"column":8},"end":{"line":367,"column":8}}]}}}}